Start testing: Dec 02 21:45 UTC
----------------------------------------------------------
1/1 Testing: ReceiverTests
1/1 Test: ReceiverTests
Command: "/home/mattr/repos/Assignment_3_Client/build/ReceiverTests"
Directory: /home/mattr/repos/Assignment_3_Client/build
"ReceiverTests" start time: Dec 02 21:45 UTC
Output:
----------------------------------------------------------
Running main() from /home/mattr/repos/Assignment_3_Client/googletest/googletest/src/gtest_main.cc
[==========] Running 1 test from 1 test suite.
[----------] Global test environment set-up.
[----------] 1 test from StringTest
[ RUN      ] StringTest.ErrorExitsEarly
[       OK ] StringTest.ErrorExitsEarly (0 ms)
[----------] 1 test from StringTest (0 ms total)

[----------] Global test environment tear-down
[==========] 1 test from 1 test suite ran. (0 ms total)
[  PASSED  ] 1 test.
<end of output>
Test time =   0.01 sec
----------------------------------------------------------
Test Passed.
"ReceiverTests" end time: Dec 02 21:45 UTC
"ReceiverTests" time elapsed: 00:00:00
----------------------------------------------------------

End testing: Dec 02 21:45 UTC
